<?xml version="1.0" encoding="utf-8"?><testsuites><testsuite errors="0" failures="0" hostname="velux" name="core" tests="8" time="763.065" timestamp="2017-02-27T13:46:07.245171"><properties /><testcase classname="tests.core" name="DatatypesExt" time="12.536" /><testcase classname="tests.core" name="Ex_Plug_and_Pray" time="2.317" /><testcase classname="tests.core" name="FMap" time="8.201" /><testcase classname="tests.core" name="HybridArg" time="38.142" /><testcase classname="tests.core" name="LPKE" time="60.002" /><testcase classname="tests.core" name="LeftOrRight" time="0.048" /><testcase classname="tests.core" name="ProofSystem" time="0.963" /><testcase classname="tests.core" name="ROM" time="26.918" /><system-out /><system-err /></testsuite><testsuite errors="0" failures="0" hostname="velux" name="MiniVoting" tests="4" time="763.065" timestamp="2017-02-27T13:46:07.245171"><properties /><testcase classname="tests.MiniVoting" name="MiniVotingDefinition" time="0.712" /><testcase classname="tests.MiniVoting" name="MiniVotingSecurity" time="367.410" /><testcase classname="tests.MiniVoting" name="MiniVoting_VFR" time="25.815" /><testcase classname="tests.MiniVoting" name="MiniVoting_Weed" time="48.335" /><system-out /><system-err /></testsuite><testsuite errors="0" failures="0" hostname="velux" name="Voting" tests="3" time="763.065" timestamp="2017-02-27T13:46:07.245171"><properties /><testcase classname="tests.Voting" name="VFR" time="0.963" /><testcase classname="tests.Voting" name="VotingDefinition" time="0.411" /><testcase classname="tests.Voting" name="VotingSecurity" time="11.524" /><system-out /><system-err /></testsuite><testsuite errors="0" failures="0" hostname="velux" name="Helios/Helios_mix" tests="5" time="763.065" timestamp="2017-02-27T13:46:07.245171"><properties /><testcase classname="tests.Helios.Helios_mix" name="Basic_Scheme" time="4.158" /><testcase classname="tests.Helios.Helios_mix" name="Helios_mix_ord" time="2.556" /><testcase classname="tests.Helios.Helios_mix" name="Helios_mix_perm" time="3.210" /><testcase classname="tests.Helios.Helios_mix" name="Helios_v3_mixnets" time="2.838" /><testcase classname="tests.Helios.Helios_mix" name="Helios_vmin_mixnet" time="1.873" /><system-out /><system-err /></testsuite><testsuite errors="0" failures="0" hostname="velux" name="Helios/Helios_hom" tests="6" time="763.065" timestamp="2017-02-27T13:46:07.245171"><properties /><testcase classname="tests.Helios.Helios_hom" name="Helios_hom" time="52.634" /><testcase classname="tests.Helios.Helios_hom" name="Helios_hom_weed" time="66.762" /><testcase classname="tests.Helios.Helios_hom" name="Helios_v3_homomorphic_alias" time="5.858" /><testcase classname="tests.Helios.Helios_hom" name="Helios_v3_homomorphic_name" time="6.054" /><testcase classname="tests.Helios.Helios_hom" name="Helios_v4_homomorphic_alias" time="6.031" /><testcase classname="tests.Helios.Helios_hom" name="Helios_with_light_weeding" time="6.794" /><system-out /><system-err /></testsuite></testsuites>
